This file contains any messages produced by compilers while
running configure, to aid debugging if configure makes a mistake.

It was created by TelSeq configure 0.0.1, which was
generated by GNU Autoconf 2.69.  Invocation command line was

  $ ./configure --with-bamtools=/users/tcumer/WORK/TOOLS/telseq/bamtools/build/usr/local/

## --------- ##
## Platform. ##
## --------- ##

hostname = curnagl
uname -m = x86_64
uname -r = 5.14.0-427.37.1.el9_4.x86_64
uname -s = Linux
uname -v = #1 SMP PREEMPT_DYNAMIC Fri Sep 13 12:41:50 EDT 2024

/usr/bin/uname -p = x86_64
/bin/uname -X     = unknown

/bin/arch              = x86_64
/usr/bin/arch -k       = unknown
/usr/convex/getsysinfo = unknown
/usr/bin/hostinfo      = unknown
/bin/machine           = unknown
/usr/bin/oslevel       = unknown
/bin/universe          = unknown

PATH: /dcsrsoft/spack/hetre/v1.1/spack/opt/spack/linux-rhel8-zen2/gcc-9.3.0/miniconda3-4.9.2-jle3zxexkucvzivrdnjax2kreaql6izj/condabin
PATH: /users/tcumer/.local/bin
PATH: /users/tcumer/bin
PATH: /usr/lpp/mmfs/bin
PATH: /usr/local/bin
PATH: /usr/bin
PATH: /usr/local/sbin
PATH: /usr/sbin
PATH: /dcsrsoft/bin


## ----------- ##
## Core tests. ##
## ----------- ##

configure:2145: checking for a BSD-compatible install
configure:2213: result: /usr/bin/install -c
configure:2224: checking whether build environment is sane
configure:2279: result: yes
configure:2430: checking for a thread-safe mkdir -p
configure:2469: result: /usr/bin/mkdir -p
configure:2476: checking for gawk
configure:2492: found /usr/bin/gawk
configure:2503: result: gawk
configure:2514: checking whether make sets $(MAKE)
configure:2536: result: yes
configure:2565: checking whether make supports nested variables
configure:2582: result: yes
configure:2761: checking for gcc
configure:2777: found /usr/bin/gcc
configure:2788: result: gcc
configure:3017: checking for C compiler version
configure:3026: gcc --version >&5
gcc (GCC) 11.4.1 20231218 (Red Hat 11.4.1-4)
Copyright (C) 2021 Free Software Foundation, Inc.
This is free software; see the source for copying conditions.  There is NO
warranty; not even for MERCHANTABILITY or FITNESS FOR A PARTICULAR PURPOSE.

configure:3037: $? = 0
configure:3026: gcc -v >&5
Using built-in specs.
COLLECT_GCC=gcc
COLLECT_LTO_WRAPPER=/usr/libexec/gcc/x86_64-redhat-linux/11/lto-wrapper
OFFLOAD_TARGET_NAMES=nvptx-none
OFFLOAD_TARGET_DEFAULT=1
Target: x86_64-redhat-linux
Configured with: ../configure --enable-bootstrap --enable-host-pie --enable-host-bind-now --enable-languages=c,c++,fortran,lto --prefix=/usr --mandir=/usr/share/man --infodir=/usr/share/info --with-bugurl=http://bugzilla.redhat.com/bugzilla --enable-shared --enable-threads=posix --enable-checking=release --with-system-zlib --enable-__cxa_atexit --disable-libunwind-exceptions --enable-gnu-unique-object --enable-linker-build-id --with-gcc-major-version-only --enable-plugin --enable-initfini-array --without-isl --enable-multilib --with-linker-hash-style=gnu --enable-offload-targets=nvptx-none --without-cuda-driver --enable-gnu-indirect-function --enable-cet --with-tune=generic --with-arch_64=x86-64-v2 --with-arch_32=x86-64 --build=x86_64-redhat-linux --with-build-config=bootstrap-lto --enable-link-serialization=1
Thread model: posix
Supported LTO compression algorithms: zlib zstd
gcc version 11.4.1 20231218 (Red Hat 11.4.1-4) (GCC) 
... rest of stderr output deleted ...
configure:3037: $? = 0
configure:3026: gcc -V >&5
gcc: error: unrecognized command-line option '-V'
gcc: fatal error: no input files
compilation terminated.
configure:3037: $? = 1
configure:3026: gcc -qversion >&5
gcc: error: unrecognized command-line option '-qversion'; did you mean '--version'?
gcc: fatal error: no input files
compilation terminated.
configure:3037: $? = 1
configure:3057: checking whether the C compiler works
configure:3079: gcc  -I/users/tcumer/WORK/TOOLS/telseq/bamtools/build/usr/local/include -L/users/tcumer/WORK/TOOLS/telseq/bamtools/build/usr/local/lib64 conftest.c  >&5
configure:3083: $? = 0
configure:3131: result: yes
configure:3134: checking for C compiler default output file name
configure:3136: result: a.out
configure:3142: checking for suffix of executables
configure:3149: gcc -o conftest  -I/users/tcumer/WORK/TOOLS/telseq/bamtools/build/usr/local/include -L/users/tcumer/WORK/TOOLS/telseq/bamtools/build/usr/local/lib64 conftest.c  >&5
configure:3153: $? = 0
configure:3175: result: 
configure:3197: checking whether we are cross compiling
configure:3205: gcc -o conftest  -I/users/tcumer/WORK/TOOLS/telseq/bamtools/build/usr/local/include -L/users/tcumer/WORK/TOOLS/telseq/bamtools/build/usr/local/lib64 conftest.c  >&5
configure:3209: $? = 0
configure:3216: ./conftest
configure:3220: $? = 0
configure:3235: result: no
configure:3240: checking for suffix of object files
configure:3262: gcc -c  -I/users/tcumer/WORK/TOOLS/telseq/bamtools/build/usr/local/include conftest.c >&5
configure:3266: $? = 0
configure:3287: result: o
configure:3291: checking whether we are using the GNU C compiler
configure:3310: gcc -c  -I/users/tcumer/WORK/TOOLS/telseq/bamtools/build/usr/local/include conftest.c >&5
configure:3310: $? = 0
configure:3319: result: yes
configure:3328: checking whether gcc accepts -g
configure:3348: gcc -c -g -I/users/tcumer/WORK/TOOLS/telseq/bamtools/build/usr/local/include conftest.c >&5
configure:3348: $? = 0
configure:3389: result: yes
configure:3406: checking for gcc option to accept ISO C89
configure:3469: gcc  -c -g -O2 -I/users/tcumer/WORK/TOOLS/telseq/bamtools/build/usr/local/include conftest.c >&5
configure:3469: $? = 0
configure:3482: result: none needed
configure:3507: checking whether gcc understands -c and -o together
configure:3529: gcc -c conftest.c -o conftest2.o
configure:3532: $? = 0
configure:3529: gcc -c conftest.c -o conftest2.o
configure:3532: $? = 0
configure:3544: result: yes
configure:3564: checking whether make supports the include directive
configure:3579: make -f confmf.GNU && cat confinc.out
this is the am__doit target
configure:3582: $? = 0
configure:3601: result: yes (GNU style)
configure:3626: checking dependency style of gcc
configure:3737: result: gcc3
configure:3810: checking for g++
configure:3826: found /usr/bin/g++
configure:3837: result: g++
configure:3864: checking for C++ compiler version
configure:3873: g++ --version >&5
g++ (GCC) 11.4.1 20231218 (Red Hat 11.4.1-4)
Copyright (C) 2021 Free Software Foundation, Inc.
This is free software; see the source for copying conditions.  There is NO
warranty; not even for MERCHANTABILITY or FITNESS FOR A PARTICULAR PURPOSE.

configure:3884: $? = 0
configure:3873: g++ -v >&5
Using built-in specs.
COLLECT_GCC=g++
COLLECT_LTO_WRAPPER=/usr/libexec/gcc/x86_64-redhat-linux/11/lto-wrapper
OFFLOAD_TARGET_NAMES=nvptx-none
OFFLOAD_TARGET_DEFAULT=1
Target: x86_64-redhat-linux
Configured with: ../configure --enable-bootstrap --enable-host-pie --enable-host-bind-now --enable-languages=c,c++,fortran,lto --prefix=/usr --mandir=/usr/share/man --infodir=/usr/share/info --with-bugurl=http://bugzilla.redhat.com/bugzilla --enable-shared --enable-threads=posix --enable-checking=release --with-system-zlib --enable-__cxa_atexit --disable-libunwind-exceptions --enable-gnu-unique-object --enable-linker-build-id --with-gcc-major-version-only --enable-plugin --enable-initfini-array --without-isl --enable-multilib --with-linker-hash-style=gnu --enable-offload-targets=nvptx-none --without-cuda-driver --enable-gnu-indirect-function --enable-cet --with-tune=generic --with-arch_64=x86-64-v2 --with-arch_32=x86-64 --build=x86_64-redhat-linux --with-build-config=bootstrap-lto --enable-link-serialization=1
Thread model: posix
Supported LTO compression algorithms: zlib zstd
gcc version 11.4.1 20231218 (Red Hat 11.4.1-4) (GCC) 
... rest of stderr output deleted ...
configure:3884: $? = 0
configure:3873: g++ -V >&5
g++: error: unrecognized command-line option '-V'
g++: fatal error: no input files
compilation terminated.
configure:3884: $? = 1
configure:3873: g++ -qversion >&5
g++: error: unrecognized command-line option '-qversion'; did you mean '--version'?
g++: fatal error: no input files
compilation terminated.
configure:3884: $? = 1
configure:3888: checking whether we are using the GNU C++ compiler
configure:3907: g++ -c  -I/users/tcumer/WORK/TOOLS/telseq/bamtools/build/usr/local/include conftest.cpp >&5
configure:3907: $? = 0
configure:3916: result: yes
configure:3925: checking whether g++ accepts -g
configure:3945: g++ -c -g -I/users/tcumer/WORK/TOOLS/telseq/bamtools/build/usr/local/include conftest.cpp >&5
configure:3945: $? = 0
configure:3986: result: yes
configure:4011: checking dependency style of g++
configure:4122: result: gcc3
configure:4180: checking for ranlib
configure:4196: found /usr/bin/ranlib
configure:4207: result: ranlib
configure:4284: checking how to run the C++ preprocessor
configure:4311: g++ -E -I/users/tcumer/WORK/TOOLS/telseq/bamtools/build/usr/local/include -I/users/tcumer/WORK/TOOLS/telseq/bamtools/build/usr/local//include -I/users/tcumer/WORK/TOOLS/telseq/bamtools/build/usr/local//include/bamtools  conftest.cpp
configure:4311: $? = 0
configure:4325: g++ -E -I/users/tcumer/WORK/TOOLS/telseq/bamtools/build/usr/local/include -I/users/tcumer/WORK/TOOLS/telseq/bamtools/build/usr/local//include -I/users/tcumer/WORK/TOOLS/telseq/bamtools/build/usr/local//include/bamtools  conftest.cpp
conftest.cpp:11:10: fatal error: ac_nonexistent.h: No such file or directory
   11 | #include <ac_nonexistent.h>
      |          ^~~~~~~~~~~~~~~~~~
compilation terminated.
configure:4325: $? = 1
configure: failed program was:
| /* confdefs.h */
| #define PACKAGE_NAME "TelSeq"
| #define PACKAGE_TARNAME "telseq"
| #define PACKAGE_VERSION "0.0.1"
| #define PACKAGE_STRING "TelSeq 0.0.1"
| #define PACKAGE_BUGREPORT "zhihao.ding@gmail.com"
| #define PACKAGE_URL ""
| #define PACKAGE "telseq"
| #define VERSION "0.0.1"
| /* end confdefs.h.  */
| #include <ac_nonexistent.h>
configure:4350: result: g++ -E
configure:4370: g++ -E -I/users/tcumer/WORK/TOOLS/telseq/bamtools/build/usr/local/include -I/users/tcumer/WORK/TOOLS/telseq/bamtools/build/usr/local//include -I/users/tcumer/WORK/TOOLS/telseq/bamtools/build/usr/local//include/bamtools  conftest.cpp
configure:4370: $? = 0
configure:4384: g++ -E -I/users/tcumer/WORK/TOOLS/telseq/bamtools/build/usr/local/include -I/users/tcumer/WORK/TOOLS/telseq/bamtools/build/usr/local//include -I/users/tcumer/WORK/TOOLS/telseq/bamtools/build/usr/local//include/bamtools  conftest.cpp
conftest.cpp:11:10: fatal error: ac_nonexistent.h: No such file or directory
   11 | #include <ac_nonexistent.h>
      |          ^~~~~~~~~~~~~~~~~~
compilation terminated.
configure:4384: $? = 1
configure: failed program was:
| /* confdefs.h */
| #define PACKAGE_NAME "TelSeq"
| #define PACKAGE_TARNAME "telseq"
| #define PACKAGE_VERSION "0.0.1"
| #define PACKAGE_STRING "TelSeq 0.0.1"
| #define PACKAGE_BUGREPORT "zhihao.ding@gmail.com"
| #define PACKAGE_URL ""
| #define PACKAGE "telseq"
| #define VERSION "0.0.1"
| /* end confdefs.h.  */
| #include <ac_nonexistent.h>
configure:4413: checking for grep that handles long lines and -e
configure:4471: result: /usr/bin/grep
configure:4476: checking for egrep
configure:4538: result: /usr/bin/grep -E
configure:4543: checking for ANSI C header files
configure:4563: g++ -c -std=c++11 -I/users/tcumer/WORK/TOOLS/telseq/bamtools/build/usr/local/include -I/users/tcumer/WORK/TOOLS/telseq/bamtools/build/usr/local//include -I/users/tcumer/WORK/TOOLS/telseq/bamtools/build/usr/local//include/bamtools  conftest.cpp >&5
configure:4563: $? = 0
configure:4636: g++ -o conftest -std=c++11 -I/users/tcumer/WORK/TOOLS/telseq/bamtools/build/usr/local/include -I/users/tcumer/WORK/TOOLS/telseq/bamtools/build/usr/local//include -I/users/tcumer/WORK/TOOLS/telseq/bamtools/build/usr/local//include/bamtools  -Wl,-rpath,/users/tcumer/WORK/TOOLS/telseq/bamtools/build/usr/local//lib -L/users/tcumer/WORK/TOOLS/telseq/bamtools/build/usr/local//lib -Wl,-rpath,/users/tcumer/WORK/TOOLS/telseq/bamtools/build/usr/local//lib/bamtools -L/users/tcumer/WORK/TOOLS/telseq/bamtools/build/usr/local//lib/bamtools  -L/users/tcumer/WORK/TOOLS/telseq/bamtools/build/usr/local/lib64 conftest.cpp  -lbamtools -lz >&5
configure:4636: $? = 0
configure:4636: ./conftest
configure:4636: $? = 0
configure:4647: result: yes
configure:4660: checking for sys/types.h
configure:4660: g++ -c -std=c++11 -I/users/tcumer/WORK/TOOLS/telseq/bamtools/build/usr/local/include -I/users/tcumer/WORK/TOOLS/telseq/bamtools/build/usr/local//include -I/users/tcumer/WORK/TOOLS/telseq/bamtools/build/usr/local//include/bamtools  conftest.cpp >&5
configure:4660: $? = 0
configure:4660: result: yes
configure:4660: checking for sys/stat.h
configure:4660: g++ -c -std=c++11 -I/users/tcumer/WORK/TOOLS/telseq/bamtools/build/usr/local/include -I/users/tcumer/WORK/TOOLS/telseq/bamtools/build/usr/local//include -I/users/tcumer/WORK/TOOLS/telseq/bamtools/build/usr/local//include/bamtools  conftest.cpp >&5
configure:4660: $? = 0
configure:4660: result: yes
configure:4660: checking for stdlib.h
configure:4660: g++ -c -std=c++11 -I/users/tcumer/WORK/TOOLS/telseq/bamtools/build/usr/local/include -I/users/tcumer/WORK/TOOLS/telseq/bamtools/build/usr/local//include -I/users/tcumer/WORK/TOOLS/telseq/bamtools/build/usr/local//include/bamtools  conftest.cpp >&5
configure:4660: $? = 0
configure:4660: result: yes
configure:4660: checking for string.h
configure:4660: g++ -c -std=c++11 -I/users/tcumer/WORK/TOOLS/telseq/bamtools/build/usr/local/include -I/users/tcumer/WORK/TOOLS/telseq/bamtools/build/usr/local//include -I/users/tcumer/WORK/TOOLS/telseq/bamtools/build/usr/local//include/bamtools  conftest.cpp >&5
configure:4660: $? = 0
configure:4660: result: yes
configure:4660: checking for memory.h
configure:4660: g++ -c -std=c++11 -I/users/tcumer/WORK/TOOLS/telseq/bamtools/build/usr/local/include -I/users/tcumer/WORK/TOOLS/telseq/bamtools/build/usr/local//include -I/users/tcumer/WORK/TOOLS/telseq/bamtools/build/usr/local//include/bamtools  conftest.cpp >&5
configure:4660: $? = 0
configure:4660: result: yes
configure:4660: checking for strings.h
configure:4660: g++ -c -std=c++11 -I/users/tcumer/WORK/TOOLS/telseq/bamtools/build/usr/local/include -I/users/tcumer/WORK/TOOLS/telseq/bamtools/build/usr/local//include -I/users/tcumer/WORK/TOOLS/telseq/bamtools/build/usr/local//include/bamtools  conftest.cpp >&5
configure:4660: $? = 0
configure:4660: result: yes
configure:4660: checking for inttypes.h
configure:4660: g++ -c -std=c++11 -I/users/tcumer/WORK/TOOLS/telseq/bamtools/build/usr/local/include -I/users/tcumer/WORK/TOOLS/telseq/bamtools/build/usr/local//include -I/users/tcumer/WORK/TOOLS/telseq/bamtools/build/usr/local//include/bamtools  conftest.cpp >&5
configure:4660: $? = 0
configure:4660: result: yes
configure:4660: checking for stdint.h
configure:4660: g++ -c -std=c++11 -I/users/tcumer/WORK/TOOLS/telseq/bamtools/build/usr/local/include -I/users/tcumer/WORK/TOOLS/telseq/bamtools/build/usr/local//include -I/users/tcumer/WORK/TOOLS/telseq/bamtools/build/usr/local//include/bamtools  conftest.cpp >&5
configure:4660: $? = 0
configure:4660: result: yes
configure:4660: checking for unistd.h
configure:4660: g++ -c -std=c++11 -I/users/tcumer/WORK/TOOLS/telseq/bamtools/build/usr/local/include -I/users/tcumer/WORK/TOOLS/telseq/bamtools/build/usr/local//include -I/users/tcumer/WORK/TOOLS/telseq/bamtools/build/usr/local//include/bamtools  conftest.cpp >&5
configure:4660: $? = 0
configure:4660: result: yes
configure:4672: checking api/BamReader.h usability
configure:4672: g++ -c -std=c++11 -I/users/tcumer/WORK/TOOLS/telseq/bamtools/build/usr/local/include -I/users/tcumer/WORK/TOOLS/telseq/bamtools/build/usr/local//include -I/users/tcumer/WORK/TOOLS/telseq/bamtools/build/usr/local//include/bamtools  conftest.cpp >&5
configure:4672: $? = 0
configure:4672: result: yes
configure:4672: checking api/BamReader.h presence
configure:4672: g++ -E -I/users/tcumer/WORK/TOOLS/telseq/bamtools/build/usr/local/include -I/users/tcumer/WORK/TOOLS/telseq/bamtools/build/usr/local//include -I/users/tcumer/WORK/TOOLS/telseq/bamtools/build/usr/local//include/bamtools  conftest.cpp
configure:4672: $? = 0
configure:4672: result: yes
configure:4672: checking for api/BamReader.h
configure:4672: result: yes
configure:4786: checking that generated files are newer than configure
configure:4792: result: done
configure:4819: creating ./config.status

## ---------------------- ##
## Running config.status. ##
## ---------------------- ##

This file was extended by TelSeq config.status 0.0.1, which was
generated by GNU Autoconf 2.69.  Invocation command line was

  CONFIG_FILES    = 
  CONFIG_HEADERS  = 
  CONFIG_LINKS    = 
  CONFIG_COMMANDS = 
  $ ./config.status 

on curnagl

config.status:866: creating Makefile
config.status:866: creating Util/Makefile
config.status:866: creating Telseq/Makefile
config.status:866: creating config.h
config.status:1095: executing depfiles commands
config.status:1172: cd Util       && sed -e '/# am--include-marker/d' Makefile         | make -f - am--depfiles
make: Nothing to be done for 'am--depfiles'.
config.status:1177: $? = 0
config.status:1172: cd Telseq       && sed -e '/# am--include-marker/d' Makefile         | make -f - am--depfiles
make: Nothing to be done for 'am--depfiles'.
config.status:1177: $? = 0

## ---------------- ##
## Cache variables. ##
## ---------------- ##

ac_cv_c_compiler_gnu=yes
ac_cv_cxx_compiler_gnu=yes
ac_cv_env_CCC_set=
ac_cv_env_CCC_value=
ac_cv_env_CC_set=
ac_cv_env_CC_value=
ac_cv_env_CFLAGS_set=
ac_cv_env_CFLAGS_value=
ac_cv_env_CPPFLAGS_set=set
ac_cv_env_CPPFLAGS_value=-I/users/tcumer/WORK/TOOLS/telseq/bamtools/build/usr/local/include
ac_cv_env_CXXCPP_set=
ac_cv_env_CXXCPP_value=
ac_cv_env_CXXFLAGS_set=
ac_cv_env_CXXFLAGS_value=
ac_cv_env_CXX_set=
ac_cv_env_CXX_value=
ac_cv_env_LDFLAGS_set=set
ac_cv_env_LDFLAGS_value=-L/users/tcumer/WORK/TOOLS/telseq/bamtools/build/usr/local/lib64
ac_cv_env_LIBS_set=
ac_cv_env_LIBS_value=
ac_cv_env_build_alias_set=
ac_cv_env_build_alias_value=
ac_cv_env_host_alias_set=
ac_cv_env_host_alias_value=
ac_cv_env_target_alias_set=
ac_cv_env_target_alias_value=
ac_cv_header_api_BamReader_h=yes
ac_cv_header_inttypes_h=yes
ac_cv_header_memory_h=yes
ac_cv_header_stdc=yes
ac_cv_header_stdint_h=yes
ac_cv_header_stdlib_h=yes
ac_cv_header_string_h=yes
ac_cv_header_strings_h=yes
ac_cv_header_sys_stat_h=yes
ac_cv_header_sys_types_h=yes
ac_cv_header_unistd_h=yes
ac_cv_objext=o
ac_cv_path_EGREP='/usr/bin/grep -E'
ac_cv_path_GREP=/usr/bin/grep
ac_cv_path_install='/usr/bin/install -c'
ac_cv_path_mkdir=/usr/bin/mkdir
ac_cv_prog_AWK=gawk
ac_cv_prog_CXXCPP='g++ -E'
ac_cv_prog_ac_ct_CC=gcc
ac_cv_prog_ac_ct_CXX=g++
ac_cv_prog_ac_ct_RANLIB=ranlib
ac_cv_prog_cc_c89=
ac_cv_prog_cc_g=yes
ac_cv_prog_cxx_g=yes
ac_cv_prog_make_make_set=yes
am_cv_CC_dependencies_compiler_type=gcc3
am_cv_CXX_dependencies_compiler_type=gcc3
am_cv_make_support_nested_variables=yes
am_cv_prog_cc_c_o=yes

## ----------------- ##
## Output variables. ##
## ----------------- ##

ACLOCAL='${SHELL} /users/tcumer/WORK/TOOLS/telseq/src/missing aclocal-1.16'
AMDEPBACKSLASH='\'
AMDEP_FALSE='#'
AMDEP_TRUE=''
AMTAR='$${TAR-tar}'
AM_BACKSLASH='\'
AM_CXXFLAGS='-Wall -Wextra -Wno-unknown-pragmas -g -O0'
AM_DEFAULT_V='$(AM_DEFAULT_VERBOSITY)'
AM_DEFAULT_VERBOSITY='1'
AM_V='$(V)'
AUTOCONF='${SHELL} /users/tcumer/WORK/TOOLS/telseq/src/missing autoconf'
AUTOHEADER='${SHELL} /users/tcumer/WORK/TOOLS/telseq/src/missing autoheader'
AUTOMAKE='${SHELL} /users/tcumer/WORK/TOOLS/telseq/src/missing automake-1.16'
AWK='gawk'
CC='gcc'
CCDEPMODE='depmode=gcc3'
CFLAGS='-std=c++11'
CPPFLAGS='-I/users/tcumer/WORK/TOOLS/telseq/bamtools/build/usr/local/include -I/users/tcumer/WORK/TOOLS/telseq/bamtools/build/usr/local//include -I/users/tcumer/WORK/TOOLS/telseq/bamtools/build/usr/local//include/bamtools '
CXX='g++'
CXXCPP='g++ -E'
CXXDEPMODE='depmode=gcc3'
CXXFLAGS='-std=c++11'
CYGPATH_W='echo'
DEFS='-DHAVE_CONFIG_H'
DEPDIR='.deps'
ECHO_C=''
ECHO_N='-n'
ECHO_T=''
EGREP='/usr/bin/grep -E'
EXEEXT=''
GREP='/usr/bin/grep'
INSTALL_DATA='${INSTALL} -m 644'
INSTALL_PROGRAM='${INSTALL}'
INSTALL_SCRIPT='${INSTALL}'
INSTALL_STRIP_PROGRAM='$(install_sh) -c -s'
LDFLAGS='-Wl,-rpath,/users/tcumer/WORK/TOOLS/telseq/bamtools/build/usr/local//lib -L/users/tcumer/WORK/TOOLS/telseq/bamtools/build/usr/local//lib -Wl,-rpath,/users/tcumer/WORK/TOOLS/telseq/bamtools/build/usr/local//lib/bamtools -L/users/tcumer/WORK/TOOLS/telseq/bamtools/build/usr/local//lib/bamtools  -L/users/tcumer/WORK/TOOLS/telseq/bamtools/build/usr/local/lib64'
LIBOBJS=''
LIBS=' -lbamtools -lz'
LTLIBOBJS=''
MAKEINFO='${SHELL} /users/tcumer/WORK/TOOLS/telseq/src/missing makeinfo'
MKDIR_P='/usr/bin/mkdir -p'
OBJEXT='o'
PACKAGE='telseq'
PACKAGE_BUGREPORT='zhihao.ding@gmail.com'
PACKAGE_NAME='TelSeq'
PACKAGE_STRING='TelSeq 0.0.1'
PACKAGE_TARNAME='telseq'
PACKAGE_URL=''
PACKAGE_VERSION='0.0.1'
PATH_SEPARATOR=':'
RANLIB='ranlib'
SET_MAKE=''
SHELL='/bin/sh'
STRIP=''
VERSION='0.0.1'
ac_ct_CC='gcc'
ac_ct_CXX='g++'
am__EXEEXT_FALSE=''
am__EXEEXT_TRUE='#'
am__fastdepCC_FALSE='#'
am__fastdepCC_TRUE=''
am__fastdepCXX_FALSE='#'
am__fastdepCXX_TRUE=''
am__include='include'
am__isrc=''
am__leading_dot='.'
am__nodep='_no'
am__quote=''
am__tar='$${TAR-tar} chof - "$$tardir"'
am__untar='$${TAR-tar} xf -'
bindir='${exec_prefix}/bin'
build_alias=''
datadir='${datarootdir}'
datarootdir='${prefix}/share'
docdir='${datarootdir}/doc/${PACKAGE_TARNAME}'
dvidir='${docdir}'
exec_prefix='${prefix}'
host_alias=''
htmldir='${docdir}'
includedir='${prefix}/include'
infodir='${datarootdir}/info'
install_sh='${SHELL} /users/tcumer/WORK/TOOLS/telseq/src/install-sh'
libdir='${exec_prefix}/lib'
libexecdir='${exec_prefix}/libexec'
localedir='${datarootdir}/locale'
localstatedir='${prefix}/var'
mandir='${datarootdir}/man'
mkdir_p='$(MKDIR_P)'
oldincludedir='/usr/include'
pdfdir='${docdir}'
prefix='/usr/local'
program_transform_name='s,x,x,'
psdir='${docdir}'
runstatedir='${localstatedir}/run'
sbindir='${exec_prefix}/sbin'
sharedstatedir='${prefix}/com'
sysconfdir='${prefix}/etc'
target_alias=''

## ----------- ##
## confdefs.h. ##
## ----------- ##

/* confdefs.h */
#define PACKAGE_NAME "TelSeq"
#define PACKAGE_TARNAME "telseq"
#define PACKAGE_VERSION "0.0.1"
#define PACKAGE_STRING "TelSeq 0.0.1"
#define PACKAGE_BUGREPORT "zhihao.ding@gmail.com"
#define PACKAGE_URL ""
#define PACKAGE "telseq"
#define VERSION "0.0.1"
#define STDC_HEADERS 1
#define HAVE_SYS_TYPES_H 1
#define HAVE_SYS_STAT_H 1
#define HAVE_STDLIB_H 1
#define HAVE_STRING_H 1
#define HAVE_MEMORY_H 1
#define HAVE_STRINGS_H 1
#define HAVE_INTTYPES_H 1
#define HAVE_STDINT_H 1
#define HAVE_UNISTD_H 1

configure: exit 0

## ---------------------- ##
## Running config.status. ##
## ---------------------- ##

This file was extended by TelSeq config.status 0.0.1, which was
generated by GNU Autoconf 2.69.  Invocation command line was

  CONFIG_FILES    = 
  CONFIG_HEADERS  = 
  CONFIG_LINKS    = 
  CONFIG_COMMANDS = 
  $ ./config.status config.h

on curnagl

config.status:866: creating config.h
config.status:1047: config.h is unchanged
